#
# A fatal error has been detected by the Java Runtime Environment:
#
#  SIGSEGV (0xb) at pc=0x00000002000a9be3, pid=50707, tid=39691
#
# JRE version: 7.0_21-b12
# Java VM: Java HotSpot(TM) 64-Bit Server VM (23.21-b01 mixed mode bsd-amd64 compressed oops)
# Problematic frame:
# C  [GeForceGLDriver+0xa9be3]  glrCompExecuteKernel+0xa514e
#
# Failed to write core dump. Core dumps have been disabled. To enable core dumping, try "ulimit -c unlimited" before starting Java again
#
# If you would like to submit a bug report, please visit:
#   http://bugreport.sun.com/bugreport/crash.jsp
#

---------------  T H R E A D  ---------------

Current thread is native thread

siginfo:si_signo=SIGSEGV: si_errno=0, si_code=1 (SEGV_MAPERR), si_addr=0x00007fdea00f52b8

Registers:
RAX=0x0000000000000000, RBX=0x00007fde99bdc000, RCX=0x0000000000000062, RDX=0x000000002b661690
RSP=0x000000013bc03da0, RBP=0x000000013bc03da0, RSI=0x00007fde9c807ca0, RDI=0x000000016a8d5000
R8 =0x00007fde9d58f150, R9 =0x0000000002b66160, R10=0xab73167b89932393, R11=0x0000000045542c85
R12=0x000000000003ffff, R13=0x000000016a8d5000, R14=0x0000000000000031, R15=0x0000000000040120
RIP=0x00000002000a9be3, EFLAGS=0x0000000000010206, ERR=0x0000000000000004
  TRAPNO=0x000000000000000e

Top of Stack: (sp=0x000000013bc03da0)
0x000000013bc03da0:   000000013bc03df0 00000002000e32e8
0x000000013bc03db0:   00007fde99807e00 00007fde99bdc1c8
0x000000013bc03dc0:   00007fde969e1000 00007fde99bdc000
0x000000013bc03dd0:   0000000000000000 000000000000001b
0x000000013bc03de0:   00007fde969e1000 00007fde9a100ce0
0x000000013bc03df0:   000000013bc03e10 00000001290d9211
0x000000013bc03e00:   00007fde93411f78 00007fde9a100b00
0x000000013bc03e10:   000000013bc03e40 00007fff89301c1d
0x000000013bc03e20:   00007fde93411f50 0000000000000001
0x000000013bc03e30:   00007fde93411f78 00000000000000a8
0x000000013bc03e40:   000000013bc03e90 0000000131e54ec4
0x000000013bc03e50:   00007fde93411f50 0000000000000001
0x000000013bc03e60:   00007fde9a100b00 00007fde9b0abc00
0x000000013bc03e70:   0000000000000001 000000000000001b
0x000000013bc03e80:   00007fde93411cf0 00000000000000a8
0x000000013bc03e90:   000000013bc03ec0 0000000131e1ceda
0x000000013bc03ea0:   000000012b03eb48 0000000000000000
0x000000013bc03eb0:   0000000000000001 00007fde9b0abc00
0x000000013bc03ec0:   000000013bc03f00 0000000131d621c8
0x000000013bc03ed0:   0000000099a3a000 000000012b03eb40
0x000000013bc03ee0:   0000000000009b0b 0000000000000000
0x000000013bc03ef0:   00007fde99a3a000 000000013bc04000
0x000000013bc03f00:   000000013bc03f20 00007fff894944e6
0x000000013bc03f10:   00007fde9388f800 00000001056f80c0
0x000000013bc03f20:   000000013bc03f50 00007fff848913da
0x000000013bc03f30:   00007fde9388f800 0000000000009b0b
0x000000013bc03f40:   00000001056f8210 000000013bc04000
0x000000013bc03f50:   000000013bc03f78 00007fff84892b85
0x000000013bc03f60:   0000000000000000 0000000000000000
0x000000013bc03f70:   0000000000000000 0000000000000000
0x000000013bc03f80:   0000000000000000 0000000000000000
0x000000013bc03f90:   0000000000000000 0000000000000000 

Instructions: (pc=0x00000002000a9be3)
0x00000002000a9bc3:   14 8a 83 fa ff 74 37 4c 8b 87 c8 c3 03 00 41 89
0x00000002000a9bd3:   d1 41 c1 e9 08 41 81 e1 ff ff 7f 00 49 c1 e1 04
0x00000002000a9be3:   4f 8b 44 08 08 0f b6 d2 49 c7 04 d0 00 00 00 00
0x00000002000a9bf3:   48 8b 96 90 00 00 00 c7 04 8a ff ff ff ff 48 ff 

Register to memory mapping:

RAX=0x0000000000000000 is an unknown value
RBX=0x00007fde99bdc000 is an unknown value
RCX=0x0000000000000062 is an unknown value
RDX=0x000000002b661690 is an unknown value
RSP=0x000000013bc03da0 is an unknown value
RBP=0x000000013bc03da0 is an unknown value
RSI=0x00007fde9c807ca0 is an unknown value
RDI=0x000000016a8d5000 is an unknown value
R8 =0x00007fde9d58f150 is an unknown value
R9 =0x0000000002b66160 is an unknown value
R10=0xab73167b89932393 is an unknown value
R11=0x0000000045542c85 is an unknown value
R12=0x000000000003ffff is an unknown value
R13=0x000000016a8d5000 is an unknown value
R14=0x0000000000000031 is an unknown value
R15=0x0000000000040120 is an unknown value


Stack: [0x000000013bb84000,0x000000013bc04000],  sp=0x000000013bc03da0,  free space=511k
Native frames: (J=compiled Java code, j=interpreted, Vv=VM code, C=native code)
C  [GeForceGLDriver+0xa9be3]  glrCompExecuteKernel+0xa514e
C  [GeForceGLDriver+0xe32e8]  gldBlitFramebufferData+0x2a67c
C  [libGPUSupport.dylib+0x9211]  gldDestroyTexture+0x1a
C  [libGFXShared.dylib+0x3c1d]  gfxDestroyPluginTexture+0x35
C  [GLEngine+0x143ec4]  gleFreeTextureObject+0x28
C  [GLEngine+0x10beda]  gleUnbindAndFreeFramebufferObject+0x60
C  [GLEngine+0x511c8]  glDeleteFramebuffersEXT_Exec+0x12f
C  [QuartzCore+0x6f4e6]  _ZN2CA12_GLOBAL__N_113AsyncDeletion8callbackEPv+0x2e
C  [libsystem_c.dylib+0x503da]  _pthread_wqthread+0x13c
C  [libsystem_c.dylib+0x51b85]  start_wqthread+0xd


---------------  P R O C E S S  ---------------

VM state:not at safepoint (normal execution)

VM Mutex/Monitor currently owned by a thread: None

Heap
 PSYoungGen      total 783488K, used 416909K [0x00000007746b0000, 0x00000007ba010000, 0x0000000800000000)
  eden space 547584K, 63% used [0x00000007746b0000,0x0000000789c99198,0x0000000795d70000)
  from space 235904K, 28% used [0x0000000795d70000,0x0000000799eaa510,0x00000007a43d0000)
  to   space 224704K, 0% used [0x00000007ac4a0000,0x00000007ac4a0000,0x00000007ba010000)
 ParOldGen       total 529792K, used 260786K [0x000000065d400000, 0x000000067d960000, 0x00000007746b0000)
  object space 529792K, 49% used [0x000000065d400000,0x000000066d2acad8,0x000000067d960000)
 PSPermGen       total 69888K, used 41919K [0x0000000658200000, 0x000000065c640000, 0x000000065d400000)
  object space 69888K, 59% used [0x0000000658200000,0x000000065aaefe20,0x000000065c640000)

Card table byte_map: [0x000000010b3ef000,0x000000010c12f000] byte_map_base: 0x000000010812e000

Polling page: 0x00000001056cb000

Code Cache  [0x000000010832f000, 0x000000010870f000, 0x000000010b32f000)
 total_blobs=1963 nmethods=1002 adapters=913 free_code_cache=45250Kb largest_free_block=46275008

Compilation events (10 events):
Event: 50.669 Thread 0x00007fde94022000 1029             sun.java2d.SurfaceData::isValid (5 bytes)
Event: 50.669 Thread 0x00007fde94022000 nmethod 1029 0x00000001086b02d0 code [0x00000001086b0400, 0x00000001086b0458]
Event: 50.693 Thread 0x00007fde94020800 1030             sun.java2d.SurfaceData::isSurfaceLost (5 bytes)
Event: 50.694 Thread 0x00007fde94020800 nmethod 1030 0x0000000108705050 code [0x0000000108705180, 0x00000001087051d8]
Event: 50.724 Thread 0x00007fde94022000 1031             sun.java2d.StateTrackableDelegate::markDirty (6 bytes)
Event: 50.724 Thread 0x00007fde94022000 nmethod 1031 0x0000000108702b50 code [0x0000000108702c80, 0x0000000108702cd8]
Event: 50.725 Thread 0x00007fde94020800 1032             java.util.regex.Pattern$Curly::match (86 bytes)
Event: 50.727 Thread 0x00007fde94022000 1033             sun.java2d.SurfaceData::markDirty (8 bytes)
Event: 50.728 Thread 0x00007fde94022000 nmethod 1033 0x0000000108702910 code [0x0000000108702a40, 0x0000000108702ab8]
Event: 50.755 Thread 0x00007fde94020800 nmethod 1032 0x000000010870aa50 code [0x000000010870ace0, 0x000000010870bfa0]

GC Heap History (10 events):
Event: 11.981 GC heap before
{Heap before GC invocations=16 (full 4):
 PSYoungGen      total 656576K, used 41854K [0x00000007746b0000, 0x00000007ac1d0000, 0x0000000800000000)
  eden space 432768K, 0% used [0x00000007746b0000,0x00000007746b0000,0x000000078ed50000)
  from space 223808K, 18% used [0x000000079e740000,0x00000007a101f910,0x00000007ac1d0000)
  to   space 239872K, 0% used [0x000000078ed50000,0x000000078ed50000,0x000000079d790000)
 ParOldGen       total 597184K, used 597165K [0x000000065d400000, 0x0000000681b30000, 0x00000007746b0000)
  object space 597184K, 99% used [0x000000065d400000,0x0000000681b2b4a0,0x0000000681b30000)
 PSPermGen       total 73600K, used 36737K [0x0000000658200000, 0x000000065c9e0000, 0x000000065d400000)
  object space 73600K, 49% used [0x0000000658200000,0x000000065a5e0620,0x000000065c9e0000)
Event: 12.128 GC heap after
Heap after GC invocations=16 (full 4):
 PSYoungGen      total 656576K, used 0K [0x00000007746b0000, 0x00000007ac1d0000, 0x0000000800000000)
  eden space 432768K, 0% used [0x00000007746b0000,0x00000007746b0000,0x000000078ed50000)
  from space 223808K, 0% used [0x000000079e740000,0x000000079e740000,0x00000007ac1d0000)
  to   space 239872K, 0% used [0x000000078ed50000,0x000000078ed50000,0x000000079d790000)
 ParOldGen       total 278272K, used 44065K [0x000000065d400000, 0x000000066e3c0000, 0x00000007746b0000)
  object space 278272K, 15% used [0x000000065d400000,0x000000065ff085c0,0x000000066e3c0000)
 PSPermGen       total 71936K, used 36736K [0x0000000658200000, 0x000000065c840000, 0x000000065d400000)
  object space 71936K, 51% used [0x0000000658200000,0x000000065a5e00d0,0x000000065c840000)
}
Event: 15.464 GC heap before
{Heap before GC invocations=17 (full 4):
 PSYoungGen      total 656576K, used 432768K [0x00000007746b0000, 0x00000007ac1d0000, 0x0000000800000000)
  eden space 432768K, 100% used [0x00000007746b0000,0x000000078ed50000,0x000000078ed50000)
  from space 223808K, 0% used [0x000000079e740000,0x000000079e740000,0x00000007ac1d0000)
  to   space 239872K, 0% used [0x000000078ed50000,0x000000078ed50000,0x000000079d790000)
 ParOldGen       total 278272K, used 44065K [0x000000065d400000, 0x000000066e3c0000, 0x00000007746b0000)
  object space 278272K, 15% used [0x000000065d400000,0x000000065ff085c0,0x000000066e3c0000)
 PSPermGen       total 71936K, used 36945K [0x0000000658200000, 0x000000065c840000, 0x000000065d400000)
  object space 71936K, 51% used [0x0000000658200000,0x000000065a6145e8,0x000000065c840000)
Event: 15.523 GC heap after
Heap after GC invocations=17 (full 4):
 PSYoungGen      total 672640K, used 154522K [0x00000007746b0000, 0x00000007b57d0000, 0x0000000800000000)
  eden space 432768K, 0% used [0x00000007746b0000,0x00000007746b0000,0x000000078ed50000)
  from space 239872K, 64% used [0x000000078ed50000,0x0000000798436bf8,0x000000079d790000)
  to   space 251392K, 0% used [0x00000007a6250000,0x00000007a6250000,0x00000007b57d0000)
 ParOldGen       total 278272K, used 44073K [0x000000065d400000, 0x000000066e3c0000, 0x00000007746b0000)
  object space 278272K, 15% used [0x000000065d400000,0x000000065ff0a5c0,0x000000066e3c0000)
 PSPermGen       total 71936K, used 36945K [0x0000000658200000, 0x000000065c840000, 0x000000065d400000)
  object space 71936K, 51% used [0x0000000658200000,0x000000065a6145e8,0x000000065c840000)
}
Event: 20.512 GC heap before
{Heap before GC invocations=18 (full 4):
 PSYoungGen      total 672640K, used 587290K [0x00000007746b0000, 0x00000007b57d0000, 0x0000000800000000)
  eden space 432768K, 100% used [0x00000007746b0000,0x000000078ed50000,0x000000078ed50000)
  from space 239872K, 64% used [0x000000078ed50000,0x0000000798436bf8,0x000000079d790000)
  to   space 251392K, 0% used [0x00000007a6250000,0x00000007a6250000,0x00000007b57d0000)
 ParOldGen       total 278272K, used 44073K [0x000000065d400000, 0x000000066e3c0000, 0x00000007746b0000)
  object space 278272K, 15% used [0x000000065d400000,0x000000065ff0a5c0,0x000000066e3c0000)
 PSPermGen       total 71936K, used 37048K [0x0000000658200000, 0x000000065c840000, 0x000000065d400000)
  object space 71936K, 51% used [0x0000000658200000,0x000000065a62e350,0x000000065c840000)
Event: 20.604 GC heap after
Heap after GC invocations=18 (full 4):
 PSYoungGen      total 752256K, used 90006K [0x00000007746b0000, 0x00000007b2a30000, 0x0000000800000000)
  eden space 547584K, 0% used [0x00000007746b0000,0x00000007746b0000,0x0000000795d70000)
  from space 204672K, 43% used [0x00000007a6250000,0x00000007aba359f0,0x00000007b2a30000)
  to   space 235904K, 0% used [0x0000000795d70000,0x0000000795d70000,0x00000007a43d0000)
 ParOldGen       total 278272K, used 182622K [0x000000065d400000, 0x000000066e3c0000, 0x00000007746b0000)
  object space 278272K, 65% used [0x000000065d400000,0x0000000668657b70,0x000000066e3c0000)
 PSPermGen       total 71936K, used 37048K [0x0000000658200000, 0x000000065c840000, 0x000000065d400000)
  object space 71936K, 51% used [0x0000000658200000,0x000000065a62e350,0x000000065c840000)
}
Event: 20.604 GC heap before
{Heap before GC invocations=19 (full 5):
 PSYoungGen      total 752256K, used 90006K [0x00000007746b0000, 0x00000007b2a30000, 0x0000000800000000)
  eden space 547584K, 0% used [0x00000007746b0000,0x00000007746b0000,0x0000000795d70000)
  from space 204672K, 43% used [0x00000007a6250000,0x00000007aba359f0,0x00000007b2a30000)
  to   space 235904K, 0% used [0x0000000795d70000,0x0000000795d70000,0x00000007a43d0000)
 ParOldGen       total 278272K, used 182622K [0x000000065d400000, 0x000000066e3c0000, 0x00000007746b0000)
  object space 278272K, 65% used [0x000000065d400000,0x0000000668657b70,0x000000066e3c0000)
 PSPermGen       total 71936K, used 37048K [0x0000000658200000, 0x000000065c840000, 0x000000065d400000)
  object space 71936K, 51% used [0x0000000658200000,0x000000065a62e350,0x000000065c840000)
Event: 20.793 GC heap after
Heap after GC invocations=19 (full 5):
 PSYoungGen      total 752256K, used 0K [0x00000007746b0000, 0x00000007b2a30000, 0x0000000800000000)
  eden space 547584K, 0% used [0x00000007746b0000,0x00000007746b0000,0x0000000795d70000)
  from space 204672K, 0% used [0x00000007a6250000,0x00000007a6250000,0x00000007b2a30000)
  to   space 235904K, 0% used [0x0000000795d70000,0x0000000795d70000,0x00000007a43d0000)
 ParOldGen       total 529792K, used 260786K [0x000000065d400000, 0x000000067d960000, 0x00000007746b0000)
  object space 529792K, 49% used [0x000000065d400000,0x000000066d2acad8,0x000000067d960000)
 PSPermGen       total 69888K, used 37047K [0x0000000658200000, 0x000000065c640000, 0x000000065d400000)
  object space 69888K, 53% used [0x0000000658200000,0x000000065a62dfd0,0x000000065c640000)
}
Event: 26.810 GC heap before
{Heap before GC invocations=20 (full 5):
 PSYoungGen      total 752256K, used 547584K [0x00000007746b0000, 0x00000007b2a30000, 0x0000000800000000)
  eden space 547584K, 100% used [0x00000007746b0000,0x0000000795d70000,0x0000000795d70000)
  from space 204672K, 0% used [0x00000007a6250000,0x00000007a6250000,0x00000007b2a30000)
  to   space 235904K, 0% used [0x0000000795d70000,0x0000000795d70000,0x00000007a43d0000)
 ParOldGen       total 529792K, used 260786K [0x000000065d400000, 0x000000067d960000, 0x00000007746b0000)
  object space 529792K, 49% used [0x000000065d400000,0x000000066d2acad8,0x000000067d960000)
 PSPermGen       total 69888K, used 41593K [0x0000000658200000, 0x000000065c640000, 0x000000065d400000)
  object space 69888K, 59% used [0x0000000658200000,0x000000065aa9e418,0x000000065c640000)
Event: 26.863 GC heap after
Heap after GC invocations=20 (full 5):
 PSYoungGen      total 783488K, used 66793K [0x00000007746b0000, 0x00000007ba010000, 0x0000000800000000)
  eden space 547584K, 0% used [0x00000007746b0000,0x00000007746b0000,0x0000000795d70000)
  from space 235904K, 28% used [0x0000000795d70000,0x0000000799eaa510,0x00000007a43d0000)
  to   space 224704K, 0% used [0x00000007ac4a0000,0x00000007ac4a0000,0x00000007ba010000)
 ParOldGen       total 529792K, used 260786K [0x000000065d400000, 0x000000067d960000, 0x00000007746b0000)
  object space 529792K, 49% used [0x000000065d400000,0x000000066d2acad8,0x000000067d960000)
 PSPermGen       total 69888K, used 41593K [0x0000000658200000, 0x000000065c640000, 0x000000065d400000)
  object space 69888K, 59% used [0x0000000658200000,0x000000065aa9e418,0x000000065c640000)
}

Deoptimization events (10 events):
Event: 32.213 Thread 0x00007fde990ef800 Uncommon trap -122 fr.pc 0x0000000108621d9c
Event: 32.309 Thread 0x00007fde990ef800 Uncommon trap -58 fr.pc 0x000000010862e2c0
Event: 32.489 Thread 0x00007fde990ef800 Uncommon trap -58 fr.pc 0x000000010862e2c0
Event: 32.489 Thread 0x00007fde990ef800 Uncommon trap -58 fr.pc 0x000000010862e2c0
Event: 32.489 Thread 0x00007fde990ef800 Uncommon trap -58 fr.pc 0x000000010862e2c0
Event: 34.056 Thread 0x00007fde99610000 Uncommon trap -83 fr.pc 0x00000001086ce6b0
Event: 36.123 Thread 0x00007fde990ef800 Uncommon trap 26 fr.pc 0x00000001086ed8ec
Event: 49.633 Thread 0x00007fde990ef800 Uncommon trap -83 fr.pc 0x000000010848a0cc
Event: 49.633 Thread 0x00007fde990ef800 Uncommon trap -83 fr.pc 0x000000010848a440
Event: 50.405 Thread 0x00007fde990ef800 Uncommon trap 51 fr.pc 0x00000001083bb3c0

Internal exceptions (10 events):
Event: 26.190 Thread 0x00007fde990ef800 Threw 0x000000078e81db68 at /HUDSON/workspace/jdk7u21-2-build-macosx-amd64-product/jdk7u21/hotspot/src/share/vm/interpreter/interpr
Event: 26.190 Thread 0x00007fde990ef800 Threw 0x000000078e81e330 at /HUDSON/workspace/jdk7u21-2-build-macosx-amd64-product/jdk7u21/hotspot/src/share/vm/interpreter/interpr
Event: 26.191 Thread 0x00007fde990ef800 Threw 0x000000078e81eaf0 at /HUDSON/workspace/jdk7u21-2-build-macosx-amd64-product/jdk7u21/hotspot/src/share/vm/interpreter/interpr
Event: 27.869 Thread 0x00007fde990ef800 Implicit null exception at 0x00000001086b4ce3 to 0x00000001086b59a5
Event: 27.981 Thread 0x00007fde990ef800 Threw 0x000000077ca822c0 at /HUDSON/workspace/jdk7u21-2-build-macosx-amd64-product/jdk7u21/hotspot/src/share/vm/prims/jvm.cpp:1166
Event: 28.294 Thread 0x00007fde99610000 Implicit null exception at 0x00000001086d4781 to 0x00000001086d4d69
Event: 28.294 Thread 0x00007fde98bbc800 Implicit null exception at 0x00000001086d4781 to 0x00000001086d4d69
Event: 28.294 Thread 0x00007fde99960800 Implicit null exception at 0x00000001086d4781 to 0x00000001086d4d69
Event: 28.294 Thread 0x00007fde99960800 Implicit null exception at 0x00000001086d3278 to 0x00000001086d3517
Event: 46.277 Thread 0x00007fde990ef800 Threw 0x00000007833481f0 at /HUDSON/workspace/jdk7u21-2-build-macosx-amd64-product/jdk7u21/hotspot/src/share/vm/prims/jvm.cpp:1166

Events (10 events):
Event: 50.405 loading class 0x00007fde93524250 done
Event: 50.405 Executing VM operation: Deoptimize
Event: 50.410 Executing VM operation: Deoptimize done
Event: 50.410 Thread 0x00007fde990ef800 DEOPT PACKING pc=0x00000001083bb3c0 sp=0x0000000138962350
Event: 50.410 Thread 0x00007fde990ef800 DEOPT UNPACKING pc=0x0000000108368145 sp=0x0000000138962310 mode 2
Event: 50.412 loading class 0x00007fde9a078d20
Event: 50.412 loading class 0x00007fde9a078d20 done
Event: 50.595 Executing VM operation: RevokeBias
Event: 50.599 Executing VM operation: RevokeBias done
Event: 50.599 Thread 0x00007fde97ede800 Thread exited: 0x00007fde97ede800


Dynamic libraries:
0x0000000003fdd000 	/System/Library/Frameworks/Cocoa.framework/Versions/A/Cocoa
0x0000000003fdd000 	/System/Library/Frameworks/Security.framework/Versions/A/Security
0x0000000003fdd000 	/System/Library/Frameworks/ApplicationServices.framework/Versions/A/ApplicationServices
0x0000000003fdd000 	/usr/lib/libz.1.dylib
0x0000000003fdd000 	/usr/lib/libSystem.B.dylib
0x0000000003fdd000 	/usr/lib/libobjc.A.dylib
0x0000000003fdd000 	/System/Library/Frameworks/CoreFoundation.framework/Versions/A/CoreFoundation
0x0000000003fdd000 	/System/Library/Frameworks/AppKit.framework/Versions/C/AppKit
0x0000000003fdd000 	/System/Library/Frameworks/CoreData.framework/Versions/A/CoreData
0x0000000003fdd000 	/System/Library/Frameworks/Foundation.framework/Versions/C/Foundation
0x0000000003fdd000 	/System/Library/PrivateFrameworks/RemoteViewServices.framework/Versions/A/RemoteViewServices
0x0000000003fdd000 	/System/Library/Frameworks/AudioToolbox.framework/Versions/A/AudioToolbox
0x0000000003fdd000 	/System/Library/Frameworks/AudioUnit.framework/Versions/A/AudioUnit
0x0000000003fdd000 	/System/Library/PrivateFrameworks/DataDetectorsCore.framework/Versions/A/DataDetectorsCore
0x0000000003fdd000 	/System/Library/PrivateFrameworks/DesktopServicesPriv.framework/Versions/A/DesktopServicesPriv
0x0000000003fdd000 	/System/Library/Frameworks/Carbon.framework/Versions/A/Frameworks/HIToolbox.framework/Versions/A/HIToolbox
0x0000000003fdd000 	/System/Library/Frameworks/QuartzCore.framework/Versions/A/QuartzCore
0x0000000003fdd000 	/System/Library/Frameworks/Carbon.framework/Versions/A/Frameworks/SpeechRecognition.framework/Versions/A/SpeechRecognition
0x0000000003fdd000 	/usr/lib/libauto.dylib
0x0000000003fdd000 	/usr/lib/libicucore.A.dylib
0x0000000003fdd000 	/usr/lib/libxml2.2.dylib
0x0000000003fdd000 	/System/Library/PrivateFrameworks/CoreUI.framework/Versions/A/CoreUI
0x0000000003fdd000 	/System/Library/Frameworks/CoreAudio.framework/Versions/A/CoreAudio
0x0000000003fdd000 	/System/Library/Frameworks/DiskArbitration.framework/Versions/A/DiskArbitration
0x0000000003fdd000 	/usr/lib/liblangid.dylib
0x0000000003fdd000 	/System/Library/PrivateFrameworks/MultitouchSupport.framework/Versions/A/MultitouchSupport
0x0000000003fdd000 	/System/Library/Frameworks/IOKit.framework/Versions/A/IOKit
0x0000000003fdd000 	/usr/lib/libDiagnosticMessagesClient.dylib
0x0000000003fdd000 	/System/Library/Frameworks/CoreServices.framework/Versions/A/CoreServices
0x0000000003fdd000 	/System/Library/PrivateFrameworks/PerformanceAnalysis.framework/Versions/A/PerformanceAnalysis
0x0000000003fdd000 	/System/Library/PrivateFrameworks/GenerationalStorage.framework/Versions/A/GenerationalStorage
0x0000000003fdd000 	/System/Library/Frameworks/OpenGL.framework/Versions/A/OpenGL
0x0000000003fdd000 	/System/Library/Frameworks/CoreServices.framework/Versions/A/Frameworks/CFNetwork.framework/Versions/A/CFNetwork
0x0000000003fdd000 	/System/Library/Frameworks/SystemConfiguration.framework/Versions/A/SystemConfiguration
0x0000000003fdd000 	/usr/lib/libCRFSuite.dylib
0x0000000003fdd000 	/usr/lib/libc++.1.dylib
0x0000000003fdd000 	/usr/lib/libstdc++.6.dylib
0x0000000003fdd000 	/usr/lib/libc++abi.dylib
0x0000000003fdd000 	/usr/lib/system/libcache.dylib
0x0000000003fdd000 	/usr/lib/system/libcommonCrypto.dylib
0x0000000003fdd000 	/usr/lib/system/libcompiler_rt.dylib
0x0000000003fdd000 	/usr/lib/system/libcopyfile.dylib
0x0000000003fdd000 	/usr/lib/system/libdispatch.dylib
0x0000000003fdd000 	/usr/lib/system/libdnsinfo.dylib
0x0000000003fdd000 	/usr/lib/system/libdyld.dylib
0x0000000003fdd000 	/usr/lib/system/libkeymgr.dylib
0x0000000003fdd000 	/usr/lib/system/liblaunch.dylib
0x0000000003fdd000 	/usr/lib/system/libmacho.dylib
0x0000000003fdd000 	/usr/lib/system/libmathCommon.A.dylib
0x0000000003fdd000 	/usr/lib/system/libquarantine.dylib
0x0000000003fdd000 	/usr/lib/system/libremovefile.dylib
0x0000000003fdd000 	/usr/lib/system/libsystem_blocks.dylib
0x0000000003fdd000 	/usr/lib/system/libsystem_c.dylib
0x0000000003fdd000 	/usr/lib/system/libsystem_dnssd.dylib
0x0000000003fdd000 	/usr/lib/system/libsystem_info.dylib
0x0000000003fdd000 	/usr/lib/system/libsystem_kernel.dylib
0x0000000003fdd000 	/usr/lib/system/libsystem_network.dylib
0x0000000003fdd000 	/usr/lib/system/libsystem_notify.dylib
0x0000000003fdd000 	/usr/lib/system/libsystem_sandbox.dylib
0x0000000003fdd000 	/usr/lib/system/libunc.dylib
0x0000000003fdd000 	/usr/lib/system/libunwind.dylib
0x0000000003fdd000 	/usr/lib/system/libxpc.dylib
0x0000000003fdd000 	/usr/lib/libbsm.0.dylib
0x0000000003fdd000 	/usr/lib/libsqlite3.dylib
0x0000000003fdd000 	/usr/lib/libOpenScriptingUtil.dylib
0x0000000003fdd000 	/usr/lib/libpam.2.dylib
0x0000000003fdd000 	/usr/lib/libxar-nossl.dylib
0x0000000003fdd000 	/usr/lib/libbz2.1.0.dylib
0x0000000003fdd000 	/System/Library/Frameworks/CoreServices.framework/Versions/A/Frameworks/CarbonCore.framework/Versions/A/CarbonCore
0x0000000003fdd000 	/System/Library/Frameworks/CoreServices.framework/Versions/A/Frameworks/Metadata.framework/Versions/A/Metadata
0x0000000003fdd000 	/System/Library/Frameworks/CoreServices.framework/Versions/A/Frameworks/OSServices.framework/Versions/A/OSServices
0x0000000003fdd000 	/System/Library/Frameworks/CoreServices.framework/Versions/A/Frameworks/SearchKit.framework/Versions/A/SearchKit
0x0000000003fdd000 	/System/Library/Frameworks/CoreServices.framework/Versions/A/Frameworks/AE.framework/Versions/A/AE
0x0000000003fdd000 	/System/Library/Frameworks/CoreServices.framework/Versions/A/Frameworks/LaunchServices.framework/Versions/A/LaunchServices
0x0000000003fdd000 	/System/Library/Frameworks/CoreServices.framework/Versions/A/Frameworks/DictionaryServices.framework/Versions/A/DictionaryServices
0x0000000003fdd000 	/System/Library/Frameworks/NetFS.framework/Versions/A/NetFS
0x0000000003fdd000 	/usr/lib/system/libkxld.dylib
0x0000000003fdd000 	/System/Library/PrivateFrameworks/NetAuth.framework/Versions/A/NetAuth
0x0000000003fdd000 	/usr/lib/libcrypto.0.9.8.dylib
0x0000000003fdd000 	/System/Library/PrivateFrameworks/TrustEvaluationAgent.framework/Versions/A/TrustEvaluationAgent
0x0000000003fdd000 	/System/Library/Frameworks/OpenDirectory.framework/Versions/A/Frameworks/CFOpenDirectory.framework/Versions/A/CFOpenDirectory
0x0000000003fdd000 	/usr/lib/libxslt.1.dylib
0x0000000003fdd000 	/System/Library/PrivateFrameworks/FamilyControls.framework/Versions/A/FamilyControls
0x0000000003fdd000 	/System/Library/Frameworks/Carbon.framework/Versions/A/Frameworks/Ink.framework/Versions/A/Ink
0x0000000003fdd000 	/System/Library/Frameworks/ApplicationServices.framework/Versions/A/Frameworks/CoreGraphics.framework/Versions/A/CoreGraphics
0x0000000003fdd000 	/System/Library/Frameworks/ApplicationServices.framework/Versions/A/Frameworks/ImageIO.framework/Versions/A/ImageIO
0x0000000003fdd000 	/System/Library/Frameworks/ApplicationServices.framework/Versions/A/Frameworks/CoreText.framework/Versions/A/CoreText
0x0000000003fdd000 	/System/Library/Frameworks/ApplicationServices.framework/Versions/A/Frameworks/ATS.framework/Versions/A/ATS
0x0000000003fdd000 	/System/Library/Frameworks/ApplicationServices.framework/Versions/A/Frameworks/ColorSync.framework/Versions/A/ColorSync
0x0000000003fdd000 	/System/Library/Frameworks/ApplicationServices.framework/Versions/A/Frameworks/HIServices.framework/Versions/A/HIServices
0x0000000003fdd000 	/System/Library/Frameworks/ApplicationServices.framework/Versions/A/Frameworks/LangAnalysis.framework/Versions/A/LangAnalysis
0x0000000003fdd000 	/System/Library/Frameworks/ApplicationServices.framework/Versions/A/Frameworks/PrintCore.framework/Versions/A/PrintCore
0x0000000003fdd000 	/System/Library/Frameworks/ApplicationServices.framework/Versions/A/Frameworks/QD.framework/Versions/A/QD
0x0000000003fdd000 	/System/Library/Frameworks/ApplicationServices.framework/Versions/A/Frameworks/SpeechSynthesis.framework/Versions/A/SpeechSynthesis
0x0000000003fdd000 	/System/Library/Frameworks/IOSurface.framework/Versions/A/IOSurface
0x0000000003fdd000 	/System/Library/Frameworks/Accelerate.framework/Versions/A/Accelerate
0x0000000003fdd000 	/System/Library/Frameworks/ApplicationServices.framework/Versions/A/Frameworks/ImageIO.framework/Versions/A/Resources/libJPEG.dylib
0x0000000003fdd000 	/System/Library/Frameworks/ApplicationServices.framework/Versions/A/Frameworks/ImageIO.framework/Versions/A/Resources/libTIFF.dylib
0x0000000003fdd000 	/System/Library/Frameworks/ApplicationServices.framework/Versions/A/Frameworks/ImageIO.framework/Versions/A/Resources/libPng.dylib
0x0000000003fdd000 	/System/Library/Frameworks/ApplicationServices.framework/Versions/A/Frameworks/ImageIO.framework/Versions/A/Resources/libGIF.dylib
0x0000000003fdd000 	/System/Library/Frameworks/ApplicationServices.framework/Versions/A/Frameworks/ImageIO.framework/Versions/A/Resources/libJP2.dylib
0x0000000003fdd000 	/System/Library/Frameworks/ApplicationServices.framework/Versions/A/Frameworks/ImageIO.framework/Versions/A/Resources/libRadiance.dylib
0x0000000003fdd000 	/System/Library/Frameworks/Accelerate.framework/Versions/A/Frameworks/vImage.framework/Versions/A/vImage
0x0000000003fdd000 	/System/Library/Frameworks/Accelerate.framework/Versions/A/Frameworks/vecLib.framework/Versions/A/vecLib
0x0000000003fdd000 	/System/Library/Frameworks/Accelerate.framework/Versions/A/Frameworks/vecLib.framework/Versions/A/libvDSP.dylib
0x0000000003fdd000 	/System/Library/Frameworks/Accelerate.framework/Versions/A/Frameworks/vecLib.framework/Versions/A/libvMisc.dylib
0x0000000003fdd000 	/System/Library/Frameworks/Accelerate.framework/Versions/A/Frameworks/vecLib.framework/Versions/A/libLAPACK.dylib
0x0000000003fdd000 	/System/Library/Frameworks/Accelerate.framework/Versions/A/Frameworks/vecLib.framework/Versions/A/libBLAS.dylib
0x0000000003fdd000 	/System/Library/Frameworks/ApplicationServices.framework/Versions/A/Frameworks/ATS.framework/Versions/A/Resources/libFontParser.dylib
0x0000000003fdd000 	/System/Library/Frameworks/ApplicationServices.framework/Versions/A/Frameworks/ATS.framework/Versions/A/Resources/libFontRegistry.dylib
0x0000000003fdd000 	/usr/lib/libcups.2.dylib
0x0000000003fdd000 	/System/Library/Frameworks/Kerberos.framework/Versions/A/Kerberos
0x0000000003fdd000 	/System/Library/Frameworks/GSS.framework/Versions/A/GSS
0x0000000003fdd000 	/usr/lib/libresolv.9.dylib
0x0000000003fdd000 	/usr/lib/libiconv.2.dylib
0x0000000003fdd000 	/System/Library/PrivateFrameworks/Heimdal.framework/Versions/A/Heimdal
0x0000000003fdd000 	/System/Library/Frameworks/OpenDirectory.framework/Versions/A/OpenDirectory
0x0000000003fdd000 	/System/Library/PrivateFrameworks/CommonAuth.framework/Versions/A/CommonAuth
0x0000000003fdd000 	/System/Library/Frameworks/CoreVideo.framework/Versions/A/CoreVideo
0x0000000003fdd000 	/System/Library/Frameworks/QuartzCore.framework/Versions/A/Frameworks/CoreImage.framework/Versions/A/CoreImage
0x0000000003fdd000 	/System/Library/Frameworks/QuartzCore.framework/Versions/A/Frameworks/ScalableUserInterface.framework/Versions/A/ScalableUserInterface
0x0000000003fdd000 	/System/Library/Frameworks/OpenGL.framework/Versions/A/Libraries/libGLU.dylib
0x0000000003fdd000 	/System/Library/Frameworks/OpenGL.framework/Versions/A/Libraries/libGFXShared.dylib
0x0000000003fdd000 	/System/Library/Frameworks/OpenGL.framework/Versions/A/Libraries/libGL.dylib
0x0000000003fdd000 	/System/Library/Frameworks/OpenGL.framework/Versions/A/Libraries/libGLImage.dylib
0x0000000003fdd000 	/System/Library/Frameworks/OpenGL.framework/Versions/A/Libraries/libCVMSPluginSupport.dylib
0x0000000003fdd000 	/System/Library/Frameworks/OpenGL.framework/Versions/A/Libraries/libCoreVMClient.dylib
0x0000000003fdd000 	/System/Library/Frameworks/OpenCL.framework/Versions/A/OpenCL
0x0000000003fdd000 	/System/Library/PrivateFrameworks/FaceCoreLight.framework/Versions/A/FaceCoreLight
0x0000000003fdd000 	/System/Library/Frameworks/vecLib.framework/Versions/A/vecLib
0x0000000003fdd000 	/System/Library/Frameworks/SecurityFoundation.framework/Versions/A/SecurityFoundation
0x0000000003fdd000 	/System/Library/PrivateFrameworks/CommerceKit.framework/Versions/A/Frameworks/CommerceCore.framework/Versions/A/CommerceCore
0x0000000003fdd000 	/System/Library/PrivateFrameworks/CoreSymbolication.framework/Versions/A/CoreSymbolication
0x0000000003fdd000 	/System/Library/PrivateFrameworks/Symbolication.framework/Versions/A/Symbolication
0x0000000003fdd000 	/System/Library/PrivateFrameworks/DebugSymbols.framework/Versions/A/DebugSymbols
0x0000000105883000 	/Library/Java/JavaVirtualMachines/jdk1.7.0_21.jdk/Contents/Home/jre/lib/server/libjvm.dylib
0x000000010568e000 	/Library/Java/JavaVirtualMachines/jdk1.7.0_21.jdk/Contents/Home/jre/lib/libverify.dylib
0x000000010569b000 	/Library/Java/JavaVirtualMachines/jdk1.7.0_21.jdk/Contents/Home/jre/lib/libjava.dylib
0x00000001056d5000 	/Library/Java/JavaVirtualMachines/jdk1.7.0_21.jdk/Contents/Home/jre/lib/libzip.dylib
0x0000000122a1f000 	/System/Library/Frameworks/JavaVM.framework/Frameworks/JavaRuntimeSupport.framework/JavaRuntimeSupport
0x0000000122a37000 	/System/Library/Frameworks/JavaVM.framework/Versions/A/Frameworks/JavaNativeFoundation.framework/Versions/A/JavaNativeFoundation
0x0000000122a4c000 	/System/Library/Frameworks/JavaVM.framework/Versions/A/JavaVM
0x0000000003fdd000 	/System/Library/Frameworks/Carbon.framework/Versions/A/Carbon
0x0000000122a59000 	/System/Library/PrivateFrameworks/JavaLaunching.framework/Versions/A/JavaLaunching
0x0000000003fdd000 	/System/Library/Frameworks/Carbon.framework/Versions/A/Frameworks/CommonPanels.framework/Versions/A/CommonPanels
0x0000000003fdd000 	/System/Library/Frameworks/Carbon.framework/Versions/A/Frameworks/Help.framework/Versions/A/Help
0x0000000003fdd000 	/System/Library/Frameworks/Carbon.framework/Versions/A/Frameworks/ImageCapture.framework/Versions/A/ImageCapture
0x0000000003fdd000 	/System/Library/Frameworks/Carbon.framework/Versions/A/Frameworks/OpenScripting.framework/Versions/A/OpenScripting
0x0000000003fdd000 	/System/Library/Frameworks/Carbon.framework/Versions/A/Frameworks/Print.framework/Versions/A/Print
0x0000000003fdd000 	/System/Library/Frameworks/Carbon.framework/Versions/A/Frameworks/SecurityHI.framework/Versions/A/SecurityHI
0x000000012949a000 	/Library/Java/JavaVirtualMachines/jdk1.7.0_21.jdk/Contents/Home/jre/lib/libnet.dylib
0x00000001294af000 	/Library/Java/JavaVirtualMachines/jdk1.7.0_21.jdk/Contents/Home/jre/lib/libnio.dylib
0x00000001294be000 	/private/var/folders/n7/gpfzzv9n281bdhwnh27m0c2h0000gn/T/jffi841421663681430802.tmp
0x000000012a262000 	/Library/Java/JavaVirtualMachines/jdk1.7.0_21.jdk/Contents/Home/jre/lib/libawt.dylib
0x000000012a311000 	/Library/Java/JavaVirtualMachines/jdk1.7.0_21.jdk/Contents/Home/jre/lib/./libmlib_image.dylib
0x000000012a3dd000 	/Library/Java/JavaVirtualMachines/jdk1.7.0_21.jdk/Contents/Home/jre/lib/lwawt/liblwawt.dylib
0x00000001297ef000 	/Library/Java/JavaVirtualMachines/jdk1.7.0_21.jdk/Contents/Home/jre/lib/server/../libosxapp.dylib
0x0000000129103000 	/System/Library/Frameworks/ExceptionHandling.framework/Versions/A/ExceptionHandling
0x0000000003fdd000 	/System/Library/PrivateFrameworks/CoreServicesInternal.framework/Versions/A/CoreServicesInternal
0x0000000003fdd000 	/System/Library/Frameworks/ApplicationServices.framework/Versions/A/Frameworks/CoreGraphics.framework/Versions/A/Resources/libCSync.A.dylib
0x0000000003fdd000 	/System/Library/Frameworks/ApplicationServices.framework/Versions/A/Frameworks/CoreGraphics.framework/Versions/A/Resources/libRIP.A.dylib
0x0000000003fdd000 	/System/Library/Frameworks/ApplicationServices.framework/Versions/A/Frameworks/CoreGraphics.framework/Versions/A/Resources/libCGXType.A.dylib
0x000000012a13d000 	/Library/Java/JavaVirtualMachines/jdk1.7.0_21.jdk/Contents/Home/jre/lib/libfontmanager.dylib
0x0000000131d11000 	/System/Library/Frameworks/OpenGL.framework/Resources/GLEngine.bundle/GLEngine
0x0000000131f00000 	/System/Library/Frameworks/OpenGL.framework/Versions/A/Libraries/libGLProgrammability.dylib
0x0000000000000000 	/System/Library/Extensions/GeForceGLDriver.bundle/Contents/MacOS/GeForceGLDriver
0x00000001290d0000 	/System/Library/PrivateFrameworks/GPUSupport.framework/Versions/A/Libraries/libGPUSupport.dylib
0x0000000003fdd000 	/System/Library/Extensions/GeForceGLDriver.bundle/Contents/MacOS/libclh.dylib
0x00000001321b1000 	/System/Library/Extensions/AppleIntelHDGraphicsGLDriver.bundle/Contents/MacOS/AppleIntelHDGraphicsGLDriver
0x0000000129437000 	/System/Library/Frameworks/OpenGL.framework/Resources//GLRendererFloat.bundle/GLRendererFloat
0x00000001290e6000 	/System/Library/Frameworks/OpenCL.framework/Versions/A/Libraries/libcldcpuengine.dylib
0x0000000003fdd000 	/System/Library/PrivateFrameworks/DiskImages.framework/Versions/A/DiskImages
0x00000001290f6000 	/System/Library/Frameworks/OpenGL.framework/Versions/A/Libraries/libCoreFSCache.dylib
0x0000000003fdd000 	/System/Library/Frameworks/DiscRecording.framework/Versions/A/DiscRecording
0x0000000003fdd000 	/usr/lib/libcurl.4.dylib
0x0000000003fdd000 	/System/Library/PrivateFrameworks/MediaKit.framework/Versions/A/MediaKit
0x0000000003fdd000 	/usr/lib/libssl.0.9.8.dylib
0x0000000003fdd000 	/System/Library/Frameworks/LDAP.framework/Versions/A/LDAP
0x0000000003fdd000 	/usr/lib/libsasl2.2.dylib
0x0000000122b16000 	/Library/Java/JavaVirtualMachines/jdk1.7.0_21.jdk/Contents/Home/jre/lib/libosxui.dylib
0x00000001292e5000 	cl_kernels
0x000000012c877000 	/System/Library/Frameworks/OpenCL.framework/Versions/A/Libraries/ImageFormats/unorm8_bgra.dylib
0x0000000129491000 	cl_kernels
0x000000013a539000 	/private/var/folders/n7/gpfzzv9n281bdhwnh27m0c2h0000gn/T/jogamp_0000/file_cache/jln4523824611864026658/jln2705333819542117438/libgluegen-rt.jnilib
0x000000013a53d000 	/private/var/folders/n7/gpfzzv9n281bdhwnh27m0c2h0000gn/T/jogamp_0000/file_cache/jln4523824611864026658/jln2705333819542117438/libnativewindow_awt.jnilib
0x000000013b30e000 	/Library/Java/JavaVirtualMachines/jdk1.7.0_21.jdk/Contents/Home/jre/lib/server/../libjawt.dylib
0x000000013b9fc000 	/private/var/folders/n7/gpfzzv9n281bdhwnh27m0c2h0000gn/T/jogamp_0000/file_cache/jln4523824611864026658/jln2705333819542117438/libnativewindow_macosx.jnilib
0x000000015ff72000 	/private/var/folders/n7/gpfzzv9n281bdhwnh27m0c2h0000gn/T/jogamp_0000/file_cache/jln4523824611864026658/jln2705333819542117438/libjogl_desktop.jnilib
0x0000000180be9000 	/Library/Java/JavaVirtualMachines/jdk1.7.0_21.jdk/Contents/Home/jre/lib/libdcpr.dylib

VM Arguments:
jvm_args: -ea -Xmx6700m -Xss32m -Djava.library.path=/Users/amunoz/Home/box/jtk/lib/macosx/x64 -Djava.util.logging.config.file=/Users/amunoz/.java_logging_config -Dapple.awt.graphicsUseQuartz=true -Dpython.cachedir.skip=false -Dpython.cachedir=/tmp/cachedir -Dpython.home=/Users/amunoz/Home/bin/jython2.5.2 
java_command: org.python.util.jython tptie3.py
Launcher Type: SUN_STANDARD

Environment Variables:
JAVA_HOME=/Library/Java/JavaVirtualMachines/jdk1.7.0_21.jdk/Contents/Home
CLASSPATH=/Users/amunoz/Home/box/idh/bench/build/jar/idh.jar:/Users/amunoz/Home/box/ajm/bench/build/jar/ajm.jar:/Users/amunoz/Home/box/jtk/build/jar/edu_mines_jtk.jar:/Users/amunoz/Home/box/jtk/libs/gluegen-rt.jar:/Users/amunoz/Home/box/jtk/libs/jogl-all.jar:/Users/amunoz/Home/box/jtk/libs/junit.jar:/Users/amunoz/Home/box/jtk/libs/netlib-java.jar:/Users/amunoz/Home/bin/jython2.5.2/jython.jar:.
PATH=/Library/Frameworks/Python.framework/Versions/2.7/bin:/Library/Frameworks/EPD64.framework/Versions/Current/bin:/Library/Frameworks/EPD64.framework/Versions/Current/bin:/Library/Frameworks/EPD64.framework/Versions/Current/bin:/Library/Frameworks/EPD64.framework/Versions/Current/bin:/opt/local/bin:/opt/local/sbin:/Users/amunoz/Home/bin:/usr/bin:/bin:/usr/sbin:/sbin:/usr/local/bin:/usr/X11/bin:/usr/local/git/bin/:/usr/bin:/bin:/usr/sbin:/sbin:/usr/local/bin:/usr/X11/bin:/Users/amunoz/Home/box/ajm/bench:/opt/TurboVNC/bin
SHELL=/bin/bash
DISPLAY=/tmp/launch-vGMkZx/org.x:0

Signal Handlers:
SIGSEGV: [libjvm.dylib+0x4a4e2d], sa_mask[0]=0xfffefeff, sa_flags=0x00000042
SIGBUS: [libjvm.dylib+0x4a4e2d], sa_mask[0]=0xfffefeff, sa_flags=0x00000042
SIGFPE: [libjvm.dylib+0x3b4729], sa_mask[0]=0xfffefeff, sa_flags=0x00000042
SIGPIPE: [libjvm.dylib+0x3b4729], sa_mask[0]=0xfffefeff, sa_flags=0x00000042
SIGXFSZ: [libjvm.dylib+0x3b4729], sa_mask[0]=0xfffefeff, sa_flags=0x00000042
SIGILL: [libjvm.dylib+0x3b4729], sa_mask[0]=0xfffefeff, sa_flags=0x00000042
SIGUSR1: SIG_DFL, sa_mask[0]=0x63807efb, sa_flags=0x00000000
SIGUSR2: [libjvm.dylib+0x3b42c2], sa_mask[0]=0x00000000, sa_flags=0x00000042
SIGHUP: [libjvm.dylib+0x3b2523], sa_mask[0]=0xfffefeff, sa_flags=0x00000042
SIGINT: [libjvm.dylib+0x3b2523], sa_mask[0]=0xfffefeff, sa_flags=0x00000042
SIGTERM: [libjvm.dylib+0x3b2523], sa_mask[0]=0xfffefeff, sa_flags=0x00000042
SIGQUIT: [libjvm.dylib+0x3b2523], sa_mask[0]=0xfffefeff, sa_flags=0x00000042


---------------  S Y S T E M  ---------------

OS:Bsduname:Darwin 11.4.2 Darwin Kernel Version 11.4.2: Thu Aug 23 16:25:48 PDT 2012; root:xnu-1699.32.7~1/RELEASE_X86_64 x86_64
rlimit: STACK 8192k, CORE 0k, NPROC 709, NOFILE 10240, AS infinity
load average:2.01 1.60 1.43

CPU:total 4 (2 cores per cpu, 2 threads per core) family 6 model 37 stepping 2, cmov, cx8, fxsr, mmx, sse, sse2, sse3, ssse3, sse4.1, sse4.2, popcnt, ht, tsc, tscinvbit

Memory: 4k page, physical 5014656k(1253664k free)

/proc/meminfo:


vm_info: Java HotSpot(TM) 64-Bit Server VM (23.21-b01) for bsd-amd64 JRE (1.7.0_21-b12), built on Apr  7 2013 14:55:50 by "java_re" with gcc 4.2.1 (Based on Apple Inc. build 5658) (LLVM build 2336.11.00)

time: Sun Sep  1 18:51:09 2013
elapsed time: 50 seconds

